mode: set
github.com/emicklei/pgtalk/convert/convert.go:12.36,17.2 1 0
github.com/emicklei/pgtalk/convert/convert.go:21.41,23.16 2 0
github.com/emicklei/pgtalk/convert/convert.go:23.16,28.3 1 0
github.com/emicklei/pgtalk/convert/convert.go:29.2,32.3 1 0
github.com/emicklei/pgtalk/convert/convert.go:36.54,37.18 1 0
github.com/emicklei/pgtalk/convert/convert.go:38.10,39.66 1 0
github.com/emicklei/pgtalk/convert/convert.go:40.10,40.10 0 0
github.com/emicklei/pgtalk/convert/convert.go:42.10,44.54 1 0
github.com/emicklei/pgtalk/convert/convert.go:47.2,48.16 2 0
github.com/emicklei/pgtalk/convert/convert.go:48.16,50.3 1 0
github.com/emicklei/pgtalk/convert/convert.go:52.2,53.17 2 0
github.com/emicklei/pgtalk/convert/convert.go:57.41,58.14 1 1
github.com/emicklei/pgtalk/convert/convert.go:58.14,60.3 1 1
github.com/emicklei/pgtalk/convert/convert.go:61.2,62.91 2 1
github.com/emicklei/pgtalk/convert/convert.go:65.56,67.2 1 0
github.com/emicklei/pgtalk/convert/convert.go:69.52,71.2 1 0
github.com/emicklei/pgtalk/convert/convert.go:73.42,75.2 1 0
github.com/emicklei/pgtalk/convert/convert.go:77.42,79.2 1 0
github.com/emicklei/pgtalk/convert/convert.go:81.39,83.2 1 0
github.com/emicklei/pgtalk/convert/convert.go:85.41,87.2 1 0
github.com/emicklei/pgtalk/convert/convert.go:89.39,91.2 1 0
github.com/emicklei/pgtalk/convert/convert.go:93.44,95.2 1 0
github.com/emicklei/pgtalk/convert/convert.go:97.39,99.2 1 0
github.com/emicklei/pgtalk/convert/convert.go:101.30,103.2 1 0
github.com/emicklei/pgtalk/convert/convert.go:105.30,107.2 1 0
github.com/emicklei/pgtalk/convert/convert.go:113.31,115.2 1 0
github.com/emicklei/pgtalk/convert/convert.go:117.46,118.13 1 0
github.com/emicklei/pgtalk/convert/convert.go:118.13,121.3 2 0
github.com/emicklei/pgtalk/convert/convert.go:122.2,122.12 1 0
github.com/emicklei/pgtalk/convert/convert.go:125.47,130.2 1 0
github.com/emicklei/pgtalk/convert/convert.go:132.70,134.28 2 0
github.com/emicklei/pgtalk/convert/convert.go:134.28,136.3 1 0
github.com/emicklei/pgtalk/convert/convert.go:137.2,137.10 1 0
github.com/emicklei/pgtalk/convert/convert.go:140.71,142.29 2 1
github.com/emicklei/pgtalk/convert/convert.go:142.29,144.3 1 1
github.com/emicklei/pgtalk/convert/convert.go:145.2,145.13 1 1
